<?xml version="1.0" encoding="UTF-8"?>
<!-- Generated by org.testng.reporters.JUnitReportReporter -->
<testsuite hostname="MAVBCP3327" failures="0" tests="1" name="com.picnic.mavensel.Login" time="43.281" errors="0" timestamp="2021-09-27T12:44:06 IST" skipped="0">
  <testcase classname="com.picnic.mavensel.Login" name="orange" time="43.281"/>
  <system-out/>
</testsuite> <!-- com.picnic.mavensel.Login -->
