<?xml version="1.0" encoding="UTF-8"?>
<!-- Generated by org.testng.reporters.JUnitReportReporter -->
<testsuite hostname="MAVBCP3327" failures="0" tests="2" name="com.picnic.mavensel.crossbrowser" time="29.050" errors="0" timestamp="2021-09-26T20:30:01 IST" skipped="0">
  <testcase classname="com.picnic.mavensel.crossbrowser" name="testParameterWithXML" time="15.036"/>
  <system-out/>
  <testcase classname="com.picnic.mavensel.crossbrowser" name="testParameterWithXML" time="14.014"/>
  <system-out/>
</testsuite> <!-- com.picnic.mavensel.crossbrowser -->
