<?xml version="1.0" encoding="UTF-8"?>
<!-- Generated by org.testng.reporters.JUnitReportReporter -->
<testsuite hostname="MAVBCP3327" failures="0" tests="1" name="com.picnic.mavensel.facebooklogin" time="6.620" errors="0" timestamp="2021-09-23T13:04:26 IST" skipped="0">
  <testcase classname="com.picnic.mavensel.facebooklogin" name="facebooklogin" time="6.620"/>
  <system-out/>
</testsuite> <!-- com.picnic.mavensel.facebooklogin -->
